This file contains any messages produced by compilers while
running configure, to aid debugging if configure makes a mistake.

It was created by json-c configure 0.10, which was
generated by GNU Autoconf 2.68.  Invocation command line was

  $ ./configure --no-create --no-recursion

## --------- ##
## Platform. ##
## --------- ##

hostname = WSN
uname -m = i686
uname -r = 3.2.0-23-generic
uname -s = Linux
uname -v = #36-Ubuntu SMP Tue Apr 10 20:41:14 UTC 2012

/usr/bin/uname -p = unknown
/bin/uname -X     = unknown

/bin/arch              = unknown
/usr/bin/arch -k       = unknown
/usr/convex/getsysinfo = unknown
/usr/bin/hostinfo      = unknown
/bin/machine           = unknown
/usr/bin/oslevel       = unknown
/bin/universe          = unknown

PATH: /usr/local/sbin
PATH: /usr/local/bin
PATH: /usr/sbin
PATH: /usr/bin
PATH: /sbin
PATH: /bin
PATH: /usr/games
PATH: /opt/msp430/bin
PATH: /usr/msp430/bin
PATH: /home/van9ogh/Scripts
PATH: /opt/msp430/bin
PATH: /usr/msp430/bin
PATH: /home/van9ogh/Scripts


## ----------- ##
## Core tests. ##
## ----------- ##

configure:2277: checking for a BSD-compatible install
configure:2345: result: /usr/bin/install -c
configure:2356: checking whether build environment is sane
configure:2406: result: yes
configure:2547: checking for a thread-safe mkdir -p
configure:2586: result: /bin/mkdir -p
configure:2599: checking for gawk
configure:2615: found /usr/bin/gawk
configure:2626: result: gawk
configure:2637: checking whether make sets $(MAKE)
configure:2659: result: yes
configure:2759: checking for style of include used by make
configure:2787: result: GNU
configure:2858: checking for gcc
configure:2874: found /usr/bin/gcc
configure:2885: result: gcc
configure:3114: checking for C compiler version
configure:3123: gcc --version >&5
gcc (Ubuntu/Linaro 4.6.3-1ubuntu5) 4.6.3
Copyright (C) 2011 Free Software Foundation, Inc.
This is free software; see the source for copying conditions.  There is NO
warranty; not even for MERCHANTABILITY or FITNESS FOR A PARTICULAR PURPOSE.

configure:3134: $? = 0
configure:3123: gcc -v >&5
Using built-in specs.
COLLECT_GCC=gcc
COLLECT_LTO_WRAPPER=/usr/lib/gcc/i686-linux-gnu/4.6/lto-wrapper
Target: i686-linux-gnu
Configured with: ../src/configure -v --with-pkgversion='Ubuntu/Linaro 4.6.3-1ubuntu5' --with-bugurl=file:///usr/share/doc/gcc-4.6/README.Bugs --enable-languages=c,c++,fortran,objc,obj-c++ --prefix=/usr --program-suffix=-4.6 --enable-shared --enable-linker-build-id --with-system-zlib --libexecdir=/usr/lib --without-included-gettext --enable-threads=posix --with-gxx-include-dir=/usr/include/c++/4.6 --libdir=/usr/lib --enable-nls --with-sysroot=/ --enable-clocale=gnu --enable-libstdcxx-debug --enable-libstdcxx-time=yes --enable-gnu-unique-object --enable-plugin --enable-objc-gc --enable-targets=all --disable-werror --with-arch-32=i686 --with-tune=generic --enable-checking=release --build=i686-linux-gnu --host=i686-linux-gnu --target=i686-linux-gnu
Thread model: posix
gcc version 4.6.3 (Ubuntu/Linaro 4.6.3-1ubuntu5) 
configure:3134: $? = 0
configure:3123: gcc -V >&5
gcc: error: unrecognized option '-V'
gcc: fatal error: no input files
compilation terminated.
configure:3134: $? = 4
configure:3123: gcc -qversion >&5
gcc: error: unrecognized option '-qversion'
gcc: fatal error: no input files
compilation terminated.
configure:3134: $? = 4
configure:3154: checking whether the C compiler works
configure:3176: gcc    conftest.c  >&5
configure:3180: $? = 0
configure:3228: result: yes
configure:3231: checking for C compiler default output file name
configure:3233: result: a.out
configure:3239: checking for suffix of executables
configure:3246: gcc -o conftest    conftest.c  >&5
configure:3250: $? = 0
configure:3272: result: 
configure:3294: checking whether we are cross compiling
configure:3302: gcc -o conftest    conftest.c  >&5
configure:3306: $? = 0
configure:3313: ./conftest
configure:3317: $? = 0
configure:3332: result: no
configure:3337: checking for suffix of object files
configure:3359: gcc -c   conftest.c >&5
configure:3363: $? = 0
configure:3384: result: o
configure:3388: checking whether we are using the GNU C compiler
configure:3407: gcc -c   conftest.c >&5
configure:3407: $? = 0
configure:3416: result: yes
configure:3425: checking whether gcc accepts -g
configure:3445: gcc -c -g  conftest.c >&5
configure:3445: $? = 0
configure:3486: result: yes
configure:3503: checking for gcc option to accept ISO C89
configure:3567: gcc  -c -g -O2  conftest.c >&5
configure:3567: $? = 0
configure:3580: result: none needed
configure:3602: checking dependency style of gcc
configure:3713: result: gcc3
configure:3734: checking how to run the C preprocessor
configure:3765: gcc -E  conftest.c
configure:3765: $? = 0
configure:3779: gcc -E  conftest.c
conftest.c:11:28: fatal error: ac_nonexistent.h: No such file or directory
compilation terminated.
configure:3779: $? = 1
configure: failed program was:
| /* confdefs.h */
| #define PACKAGE_NAME "json-c"
| #define PACKAGE_TARNAME "json-c"
| #define PACKAGE_VERSION "0.10"
| #define PACKAGE_STRING "json-c 0.10"
| #define PACKAGE_BUGREPORT "michael@metaparadigm.com"
| #define PACKAGE_URL ""
| #define PACKAGE "json-c"
| #define VERSION "0.10"
| /* end confdefs.h.  */
| #include <ac_nonexistent.h>
configure:3804: result: gcc -E
configure:3824: gcc -E  conftest.c
configure:3824: $? = 0
configure:3838: gcc -E  conftest.c
conftest.c:11:28: fatal error: ac_nonexistent.h: No such file or directory
compilation terminated.
configure:3838: $? = 1
configure: failed program was:
| /* confdefs.h */
| #define PACKAGE_NAME "json-c"
| #define PACKAGE_TARNAME "json-c"
| #define PACKAGE_VERSION "0.10"
| #define PACKAGE_STRING "json-c 0.10"
| #define PACKAGE_BUGREPORT "michael@metaparadigm.com"
| #define PACKAGE_URL ""
| #define PACKAGE "json-c"
| #define VERSION "0.10"
| /* end confdefs.h.  */
| #include <ac_nonexistent.h>
configure:3867: checking for grep that handles long lines and -e
configure:3925: result: /bin/grep
configure:3930: checking for egrep
configure:3992: result: /bin/grep -E
configure:3997: checking for ANSI C header files
configure:4017: gcc -c -g -O2  conftest.c >&5
configure:4017: $? = 0
configure:4090: gcc -o conftest -g -O2   conftest.c  >&5
configure:4090: $? = 0
configure:4090: ./conftest
configure:4090: $? = 0
configure:4101: result: yes
configure:4114: checking for sys/types.h
configure:4114: gcc -c -g -O2  conftest.c >&5
configure:4114: $? = 0
configure:4114: result: yes
configure:4114: checking for sys/stat.h
configure:4114: gcc -c -g -O2  conftest.c >&5
configure:4114: $? = 0
configure:4114: result: yes
configure:4114: checking for stdlib.h
configure:4114: gcc -c -g -O2  conftest.c >&5
configure:4114: $? = 0
configure:4114: result: yes
configure:4114: checking for string.h
configure:4114: gcc -c -g -O2  conftest.c >&5
configure:4114: $? = 0
configure:4114: result: yes
configure:4114: checking for memory.h
configure:4114: gcc -c -g -O2  conftest.c >&5
configure:4114: $? = 0
configure:4114: result: yes
configure:4114: checking for strings.h
configure:4114: gcc -c -g -O2  conftest.c >&5
configure:4114: $? = 0
configure:4114: result: yes
configure:4114: checking for inttypes.h
configure:4114: gcc -c -g -O2  conftest.c >&5
configure:4114: $? = 0
configure:4114: result: yes
configure:4114: checking for stdint.h
configure:4114: gcc -c -g -O2  conftest.c >&5
configure:4114: $? = 0
configure:4114: result: yes
configure:4114: checking for unistd.h
configure:4114: gcc -c -g -O2  conftest.c >&5
configure:4114: $? = 0
configure:4114: result: yes
configure:4129: checking fcntl.h usability
configure:4129: gcc -c -g -O2  conftest.c >&5
configure:4129: $? = 0
configure:4129: result: yes
configure:4129: checking fcntl.h presence
configure:4129: gcc -E  conftest.c
configure:4129: $? = 0
configure:4129: result: yes
configure:4129: checking for fcntl.h
configure:4129: result: yes
configure:4129: checking limits.h usability
configure:4129: gcc -c -g -O2  conftest.c >&5
configure:4129: $? = 0
configure:4129: result: yes
configure:4129: checking limits.h presence
configure:4129: gcc -E  conftest.c
configure:4129: $? = 0
configure:4129: result: yes
configure:4129: checking for limits.h
configure:4129: result: yes
configure:4129: checking for strings.h
configure:4129: result: yes
configure:4129: checking syslog.h usability
configure:4129: gcc -c -g -O2  conftest.c >&5
configure:4129: $? = 0
configure:4129: result: yes
configure:4129: checking syslog.h presence
configure:4129: gcc -E  conftest.c
configure:4129: $? = 0
configure:4129: result: yes
configure:4129: checking for syslog.h
configure:4129: result: yes
configure:4129: checking for unistd.h
configure:4129: result: yes
configure:4129: checking sys/param.h usability
configure:4129: gcc -c -g -O2  conftest.c >&5
configure:4129: $? = 0
configure:4129: result: yes
configure:4129: checking sys/param.h presence
configure:4129: gcc -E  conftest.c
configure:4129: $? = 0
configure:4129: result: yes
configure:4129: checking for sys/param.h
configure:4129: result: yes
configure:4129: checking stdarg.h usability
configure:4129: gcc -c -g -O2  conftest.c >&5
configure:4129: $? = 0
configure:4129: result: yes
configure:4129: checking stdarg.h presence
configure:4129: gcc -E  conftest.c
configure:4129: $? = 0
configure:4129: result: yes
configure:4129: checking for stdarg.h
configure:4129: result: yes
configure:4141: checking for an ANSI C-conforming const
configure:4206: gcc -c -g -O2  conftest.c >&5
configure:4206: $? = 0
configure:4213: result: yes
configure:4221: checking for size_t
configure:4221: gcc -c -g -O2  conftest.c >&5
configure:4221: $? = 0
configure:4221: gcc -c -g -O2  conftest.c >&5
conftest.c: In function 'main':
conftest.c:64:21: error: expected expression before ')' token
configure:4221: $? = 1
configure: failed program was:
| /* confdefs.h */
| #define PACKAGE_NAME "json-c"
| #define PACKAGE_TARNAME "json-c"
| #define PACKAGE_VERSION "0.10"
| #define PACKAGE_STRING "json-c 0.10"
| #define PACKAGE_BUGREPORT "michael@metaparadigm.com"
| #define PACKAGE_URL ""
| #define PACKAGE "json-c"
| #define VERSION "0.10"
| #define STDC_HEADERS 1
| #define HAVE_SYS_TYPES_H 1
| #define HAVE_SYS_STAT_H 1
| #define HAVE_STDLIB_H 1
| #define HAVE_STRING_H 1
| #define HAVE_MEMORY_H 1
| #define HAVE_STRINGS_H 1
| #define HAVE_INTTYPES_H 1
| #define HAVE_STDINT_H 1
| #define HAVE_UNISTD_H 1
| #define HAVE_FCNTL_H 1
| #define HAVE_LIMITS_H 1
| #define HAVE_STRINGS_H 1
| #define HAVE_SYSLOG_H 1
| #define HAVE_UNISTD_H 1
| #define HAVE_SYS_PARAM_H 1
| #define HAVE_STDARG_H 1
| /* end confdefs.h.  */
| #include <stdio.h>
| #ifdef HAVE_SYS_TYPES_H
| # include <sys/types.h>
| #endif
| #ifdef HAVE_SYS_STAT_H
| # include <sys/stat.h>
| #endif
| #ifdef STDC_HEADERS
| # include <stdlib.h>
| # include <stddef.h>
| #else
| # ifdef HAVE_STDLIB_H
| #  include <stdlib.h>
| # endif
| #endif
| #ifdef HAVE_STRING_H
| # if !defined STDC_HEADERS && defined HAVE_MEMORY_H
| #  include <memory.h>
| # endif
| # include <string.h>
| #endif
| #ifdef HAVE_STRINGS_H
| # include <strings.h>
| #endif
| #ifdef HAVE_INTTYPES_H
| # include <inttypes.h>
| #endif
| #ifdef HAVE_STDINT_H
| # include <stdint.h>
| #endif
| #ifdef HAVE_UNISTD_H
| # include <unistd.h>
| #endif
| int
| main ()
| {
| if (sizeof ((size_t)))
| 	    return 0;
|   ;
|   return 0;
| }
configure:4221: result: yes
configure:4236: checking for vprintf
configure:4236: gcc -o conftest -g -O2   conftest.c  >&5
conftest.c:51:6: warning: conflicting types for built-in function 'vprintf' [enabled by default]
configure:4236: $? = 0
configure:4236: result: yes
configure:4242: checking for _doprnt
configure:4242: gcc -o conftest -g -O2   conftest.c  >&5
/tmp/ccKfTMmW.o: In function `main':
/home/van9ogh/Projects/Git/C/UnixProgramming/socket/concurrency_test/epoll/lib/json-c/conftest.c:63: undefined reference to `_doprnt'
collect2: ld returned 1 exit status
configure:4242: $? = 1
configure: failed program was:
| /* confdefs.h */
| #define PACKAGE_NAME "json-c"
| #define PACKAGE_TARNAME "json-c"
| #define PACKAGE_VERSION "0.10"
| #define PACKAGE_STRING "json-c 0.10"
| #define PACKAGE_BUGREPORT "michael@metaparadigm.com"
| #define PACKAGE_URL ""
| #define PACKAGE "json-c"
| #define VERSION "0.10"
| #define STDC_HEADERS 1
| #define HAVE_SYS_TYPES_H 1
| #define HAVE_SYS_STAT_H 1
| #define HAVE_STDLIB_H 1
| #define HAVE_STRING_H 1
| #define HAVE_MEMORY_H 1
| #define HAVE_STRINGS_H 1
| #define HAVE_INTTYPES_H 1
| #define HAVE_STDINT_H 1
| #define HAVE_UNISTD_H 1
| #define HAVE_FCNTL_H 1
| #define HAVE_LIMITS_H 1
| #define HAVE_STRINGS_H 1
| #define HAVE_SYSLOG_H 1
| #define HAVE_UNISTD_H 1
| #define HAVE_SYS_PARAM_H 1
| #define HAVE_STDARG_H 1
| #define HAVE_VPRINTF 1
| /* end confdefs.h.  */
| /* Define _doprnt to an innocuous variant, in case <limits.h> declares _doprnt.
|    For example, HP-UX 11i <limits.h> declares gettimeofday.  */
| #define _doprnt innocuous__doprnt
| 
| /* System header to define __stub macros and hopefully few prototypes,
|     which can conflict with char _doprnt (); below.
|     Prefer <limits.h> to <assert.h> if __STDC__ is defined, since
|     <limits.h> exists even on freestanding compilers.  */
| 
| #ifdef __STDC__
| # include <limits.h>
| #else
| # include <assert.h>
| #endif
| 
| #undef _doprnt
| 
| /* Override any GCC internal prototype to avoid an error.
|    Use char because int might match the return type of a GCC
|    builtin and then its argument prototype would still apply.  */
| #ifdef __cplusplus
| extern "C"
| #endif
| char _doprnt ();
| /* The GNU C library defines this for functions which it implements
|     to always fail with ENOSYS.  Some functions are actually named
|     something starting with __ and the normal name is an alias.  */
| #if defined __stub__doprnt || defined __stub____doprnt
| choke me
| #endif
| 
| int
| main ()
| {
| return _doprnt ();
|   ;
|   return 0;
| }
configure:4242: result: no
configure:4253: checking for working memcmp
configure:4296: gcc -o conftest -g -O2   conftest.c  >&5
configure:4296: $? = 0
configure:4296: ./conftest
configure:4296: $? = 0
configure:4306: result: yes
configure:4317: checking for stdlib.h
configure:4317: result: yes
configure:4327: checking for GNU libc compatible malloc
configure:4351: gcc -o conftest -g -O2   conftest.c  >&5
configure:4351: $? = 0
configure:4351: ./conftest
configure:4351: $? = 0
configure:4361: result: yes
configure:4384: checking for stdlib.h
configure:4384: result: yes
configure:4394: checking for GNU libc compatible realloc
configure:4418: gcc -o conftest -g -O2   conftest.c  >&5
configure:4418: $? = 0
configure:4418: ./conftest
configure:4418: $? = 0
configure:4428: result: yes
configure:4452: checking for strndup
configure:4452: gcc -o conftest -g -O2   conftest.c  >&5
conftest.c:56:6: warning: conflicting types for built-in function 'strndup' [enabled by default]
configure:4452: $? = 0
configure:4452: result: yes
configure:4452: checking for strerror
configure:4452: gcc -o conftest -g -O2   conftest.c  >&5
configure:4452: $? = 0
configure:4452: result: yes
configure:4452: checking for vsnprintf
configure:4452: gcc -o conftest -g -O2   conftest.c  >&5
conftest.c:58:6: warning: conflicting types for built-in function 'vsnprintf' [enabled by default]
configure:4452: $? = 0
configure:4452: result: yes
configure:4452: checking for vasprintf
configure:4452: gcc -o conftest -g -O2   conftest.c  >&5
configure:4452: $? = 0
configure:4452: result: yes
configure:4452: checking for open
configure:4452: gcc -o conftest -g -O2   conftest.c  >&5
configure:4452: $? = 0
configure:4452: result: yes
configure:4452: checking for vsyslog
configure:4452: gcc -o conftest -g -O2   conftest.c  >&5
configure:4452: $? = 0
configure:4452: result: yes
configure:4452: checking for strncasecmp
configure:4452: gcc -o conftest -g -O2   conftest.c  >&5
conftest.c:62:6: warning: conflicting types for built-in function 'strncasecmp' [enabled by default]
configure:4452: $? = 0
configure:4452: result: yes
configure:4491: checking build system type
configure:4505: result: i686-pc-linux-gnu
configure:4525: checking host system type
configure:4538: result: i686-pc-linux-gnu
configure:4579: checking how to print strings
configure:4606: result: printf
configure:4627: checking for a sed that does not truncate output
configure:4691: result: /bin/sed
configure:4709: checking for fgrep
configure:4771: result: /bin/grep -F
configure:4806: checking for ld used by gcc
configure:4873: result: /usr/bin/ld
configure:4880: checking if the linker (/usr/bin/ld) is GNU ld
configure:4895: result: yes
configure:4907: checking for BSD- or MS-compatible name lister (nm)
configure:4956: result: /usr/bin/nm -B
configure:5086: checking the name lister (/usr/bin/nm -B) interface
configure:5093: gcc -c -g -O2  conftest.c >&5
configure:5096: /usr/bin/nm -B "conftest.o"
configure:5099: output
00000000 B some_variable
configure:5106: result: BSD nm
configure:5109: checking whether ln -s works
configure:5113: result: yes
configure:5121: checking the maximum length of command line arguments
configure:5251: result: 805306365
configure:5268: checking whether the shell understands some XSI constructs
configure:5278: result: yes
configure:5282: checking whether the shell understands "+="
configure:5288: result: yes
configure:5323: checking how to convert i686-pc-linux-gnu file names to i686-pc-linux-gnu format
configure:5363: result: func_convert_file_noop
configure:5370: checking how to convert i686-pc-linux-gnu file names to toolchain format
configure:5390: result: func_convert_file_noop
configure:5397: checking for /usr/bin/ld option to reload object files
configure:5404: result: -r
configure:5478: checking for objdump
configure:5494: found /usr/bin/objdump
configure:5505: result: objdump
configure:5537: checking how to recognize dependent libraries
configure:5739: result: pass_all
configure:5824: checking for dlltool
configure:5854: result: no
configure:5884: checking how to associate runtime and link libraries
configure:5911: result: printf %s\n
configure:5971: checking for ar
configure:5987: found /usr/bin/ar
configure:5998: result: ar
configure:6035: checking for archiver @FILE support
configure:6052: gcc -c -g -O2  conftest.c >&5
configure:6052: $? = 0
configure:6055: ar cru libconftest.a @conftest.lst >&5
configure:6058: $? = 0
configure:6063: ar cru libconftest.a @conftest.lst >&5
ar: conftest.o: No such file or directory
configure:6066: $? = 1
configure:6078: result: @
configure:6136: checking for strip
configure:6152: found /usr/bin/strip
configure:6163: result: strip
configure:6235: checking for ranlib
configure:6251: found /usr/bin/ranlib
configure:6262: result: ranlib
configure:6364: checking command to parse /usr/bin/nm -B output from gcc object
configure:6484: gcc -c -g -O2  conftest.c >&5
configure:6487: $? = 0
configure:6491: /usr/bin/nm -B conftest.o \| sed -n -e 's/^.*[ ]\([ABCDGIRSTW][ABCDGIRSTW]*\)[ ][ ]*\([_A-Za-z][_A-Za-z0-9]*\)$/\1 \2 \2/p' | sed '/ __gnu_lto/d' \> conftest.nm
configure:6494: $? = 0
configure:6560: gcc -o conftest -g -O2   conftest.c conftstm.o >&5
configure:6563: $? = 0
configure:6601: result: ok
configure:6638: checking for sysroot
configure:6668: result: no
configure:6924: checking for mt
configure:6940: found /bin/mt
configure:6951: result: mt
configure:6974: checking if mt is a manifest tool
configure:6980: mt '-?'
configure:6988: result: no
configure:7627: checking for dlfcn.h
configure:7627: gcc -c -g -O2  conftest.c >&5
configure:7627: $? = 0
configure:7627: result: yes
configure:7833: checking for objdir
configure:7848: result: .libs
configure:8115: checking if gcc supports -fno-rtti -fno-exceptions
configure:8133: gcc -c -g -O2  -fno-rtti -fno-exceptions conftest.c >&5
cc1: warning: command line option '-fno-rtti' is valid for C++/ObjC++ but not for C [enabled by default]
configure:8137: $? = 0
configure:8150: result: no
configure:8477: checking for gcc option to produce PIC
configure:8484: result: -fPIC -DPIC
configure:8492: checking if gcc PIC flag -fPIC -DPIC works
configure:8510: gcc -c -g -O2  -fPIC -DPIC -DPIC conftest.c >&5
configure:8514: $? = 0
configure:8527: result: yes
configure:8556: checking if gcc static flag -static works
configure:8584: result: yes
configure:8599: checking if gcc supports -c -o file.o
configure:8620: gcc -c -g -O2  -o out/conftest2.o conftest.c >&5
configure:8624: $? = 0
configure:8646: result: yes
configure:8654: checking if gcc supports -c -o file.o
configure:8701: result: yes
configure:8734: checking whether the gcc linker (/usr/bin/ld) supports shared libraries
configure:9891: result: yes
configure:9928: checking whether -lc should be explicitly linked in
configure:9936: gcc -c -g -O2  conftest.c >&5
configure:9939: $? = 0
configure:9954: gcc -shared  -fPIC -DPIC conftest.o  -v -Wl,-soname -Wl,conftest -o conftest 2\>\&1 \| /bin/grep  -lc  \>/dev/null 2\>\&1
configure:9957: $? = 0
configure:9971: result: no
configure:10131: checking dynamic linker characteristics
configure:10642: gcc -o conftest -g -O2   -Wl,-rpath -Wl,/foo conftest.c  >&5
configure:10642: $? = 0
configure:10876: result: GNU/Linux ld.so
configure:10983: checking how to hardcode library paths into programs
configure:11008: result: immediate
configure:11548: checking whether stripping libraries is possible
configure:11553: result: yes
configure:11588: checking if libtool supports shared libraries
configure:11590: result: yes
configure:11593: checking whether to build shared libraries
configure:11614: result: yes
configure:11617: checking whether to build static libraries
configure:11621: result: yes
configure:11791: creating ./config.status

## ---------------- ##
## Cache variables. ##
## ---------------- ##

ac_cv_build=i686-pc-linux-gnu
ac_cv_c_compiler_gnu=yes
ac_cv_c_const=yes
ac_cv_env_CC_set=
ac_cv_env_CC_value=
ac_cv_env_CFLAGS_set=
ac_cv_env_CFLAGS_value=
ac_cv_env_CPPFLAGS_set=
ac_cv_env_CPPFLAGS_value=
ac_cv_env_CPP_set=
ac_cv_env_CPP_value=
ac_cv_env_LDFLAGS_set=
ac_cv_env_LDFLAGS_value=
ac_cv_env_LIBS_set=
ac_cv_env_LIBS_value=
ac_cv_env_build_alias_set=
ac_cv_env_build_alias_value=
ac_cv_env_host_alias_set=
ac_cv_env_host_alias_value=
ac_cv_env_target_alias_set=
ac_cv_env_target_alias_value=
ac_cv_func__doprnt=no
ac_cv_func_malloc_0_nonnull=yes
ac_cv_func_memcmp_working=yes
ac_cv_func_open=yes
ac_cv_func_realloc_0_nonnull=yes
ac_cv_func_strerror=yes
ac_cv_func_strncasecmp=yes
ac_cv_func_strndup=yes
ac_cv_func_vasprintf=yes
ac_cv_func_vprintf=yes
ac_cv_func_vsnprintf=yes
ac_cv_func_vsyslog=yes
ac_cv_header_dlfcn_h=yes
ac_cv_header_fcntl_h=yes
ac_cv_header_inttypes_h=yes
ac_cv_header_limits_h=yes
ac_cv_header_memory_h=yes
ac_cv_header_stdarg_h=yes
ac_cv_header_stdc=yes
ac_cv_header_stdint_h=yes
ac_cv_header_stdlib_h=yes
ac_cv_header_string_h=yes
ac_cv_header_strings_h=yes
ac_cv_header_sys_param_h=yes
ac_cv_header_sys_stat_h=yes
ac_cv_header_sys_types_h=yes
ac_cv_header_syslog_h=yes
ac_cv_header_unistd_h=yes
ac_cv_host=i686-pc-linux-gnu
ac_cv_objext=o
ac_cv_path_EGREP='/bin/grep -E'
ac_cv_path_FGREP='/bin/grep -F'
ac_cv_path_GREP=/bin/grep
ac_cv_path_SED=/bin/sed
ac_cv_path_install='/usr/bin/install -c'
ac_cv_path_mkdir=/bin/mkdir
ac_cv_prog_AWK=gawk
ac_cv_prog_CPP='gcc -E'
ac_cv_prog_ac_ct_AR=ar
ac_cv_prog_ac_ct_CC=gcc
ac_cv_prog_ac_ct_MANIFEST_TOOL=mt
ac_cv_prog_ac_ct_OBJDUMP=objdump
ac_cv_prog_ac_ct_RANLIB=ranlib
ac_cv_prog_ac_ct_STRIP=strip
ac_cv_prog_cc_c89=
ac_cv_prog_cc_g=yes
ac_cv_prog_make_make_set=yes
ac_cv_type_size_t=yes
am_cv_CC_dependencies_compiler_type=gcc3
lt_cv_ar_at_file=@
lt_cv_archive_cmds_need_lc=no
lt_cv_deplibs_check_method=pass_all
lt_cv_file_magic_cmd='$MAGIC_CMD'
lt_cv_file_magic_test_file=
lt_cv_ld_reload_flag=-r
lt_cv_nm_interface='BSD nm'
lt_cv_objdir=.libs
lt_cv_path_LD=/usr/bin/ld
lt_cv_path_NM='/usr/bin/nm -B'
lt_cv_path_mainfest_tool=no
lt_cv_prog_compiler_c_o=yes
lt_cv_prog_compiler_pic='-fPIC -DPIC'
lt_cv_prog_compiler_pic_works=yes
lt_cv_prog_compiler_rtti_exceptions=no
lt_cv_prog_compiler_static_works=yes
lt_cv_prog_gnu_ld=yes
lt_cv_sharedlib_from_linklib_cmd='printf %s\n'
lt_cv_shlibpath_overrides_runpath=no
lt_cv_sys_global_symbol_pipe='sed -n -e '\''s/^.*[	 ]\([ABCDGIRSTW][ABCDGIRSTW]*\)[	 ][	 ]*\([_A-Za-z][_A-Za-z0-9]*\)$/\1 \2 \2/p'\'' | sed '\''/ __gnu_lto/d'\'''
lt_cv_sys_global_symbol_to_c_name_address='sed -n -e '\''s/^: \([^ ]*\)[ ]*$/  {\"\1\", (void *) 0},/p'\'' -e '\''s/^[ABCDGIRSTW]* \([^ ]*\) \([^ ]*\)$/  {"\2", (void *) \&\2},/p'\'''
lt_cv_sys_global_symbol_to_c_name_address_lib_prefix='sed -n -e '\''s/^: \([^ ]*\)[ ]*$/  {\"\1\", (void *) 0},/p'\'' -e '\''s/^[ABCDGIRSTW]* \([^ ]*\) \(lib[^ ]*\)$/  {"\2", (void *) \&\2},/p'\'' -e '\''s/^[ABCDGIRSTW]* \([^ ]*\) \([^ ]*\)$/  {"lib\2", (void *) \&\2},/p'\'''
lt_cv_sys_global_symbol_to_cdecl='sed -n -e '\''s/^T .* \(.*\)$/extern int \1();/p'\'' -e '\''s/^[ABCDGIRSTW]* .* \(.*\)$/extern char \1;/p'\'''
lt_cv_sys_max_cmd_len=805306365
lt_cv_to_host_file_cmd=func_convert_file_noop
lt_cv_to_tool_file_cmd=func_convert_file_noop

## ----------------- ##
## Output variables. ##
## ----------------- ##

ACLOCAL='${SHELL} /home/van9ogh/Projects/Git/C/UnixProgramming/socket/concurrency_test/epoll/lib/json-c/missing --run aclocal-1.11'
AMDEPBACKSLASH='\'
AMDEP_FALSE='#'
AMDEP_TRUE=''
AMTAR='$${TAR-tar}'
AR='ar'
AUTOCONF='${SHELL} /home/van9ogh/Projects/Git/C/UnixProgramming/socket/concurrency_test/epoll/lib/json-c/missing --run autoconf'
AUTOHEADER='${SHELL} /home/van9ogh/Projects/Git/C/UnixProgramming/socket/concurrency_test/epoll/lib/json-c/missing --run autoheader'
AUTOMAKE='${SHELL} /home/van9ogh/Projects/Git/C/UnixProgramming/socket/concurrency_test/epoll/lib/json-c/missing --run automake-1.11'
AWK='gawk'
CC='gcc'
CCDEPMODE='depmode=gcc3'
CFLAGS='-g -O2'
CPP='gcc -E'
CPPFLAGS=''
CYGPATH_W='echo'
DEFS='-DHAVE_CONFIG_H'
DEPDIR='.deps'
DLLTOOL='false'
DSYMUTIL=''
DUMPBIN=''
ECHO_C=''
ECHO_N='-n'
ECHO_T=''
EGREP='/bin/grep -E'
EXEEXT=''
FGREP='/bin/grep -F'
GREP='/bin/grep'
INSTALL_DATA='${INSTALL} -m 644'
INSTALL_PROGRAM='${INSTALL}'
INSTALL_SCRIPT='${INSTALL}'
INSTALL_STRIP_PROGRAM='$(install_sh) -c -s'
LD='/usr/bin/ld'
LDFLAGS=''
LIBOBJS=''
LIBS=''
LIBTOOL='$(SHELL) $(top_builddir)/libtool'
LIPO=''
LN_S='ln -s'
LTLIBOBJS=''
MAKEINFO='${SHELL} /home/van9ogh/Projects/Git/C/UnixProgramming/socket/concurrency_test/epoll/lib/json-c/missing --run makeinfo'
MANIFEST_TOOL=':'
MKDIR_P='/bin/mkdir -p'
NM='/usr/bin/nm -B'
NMEDIT=''
OBJDUMP='objdump'
OBJEXT='o'
OTOOL64=''
OTOOL=''
PACKAGE='json-c'
PACKAGE_BUGREPORT='michael@metaparadigm.com'
PACKAGE_NAME='json-c'
PACKAGE_STRING='json-c 0.10'
PACKAGE_TARNAME='json-c'
PACKAGE_URL=''
PACKAGE_VERSION='0.10'
PATH_SEPARATOR=':'
RANLIB='ranlib'
SED='/bin/sed'
SET_MAKE=''
SHELL='/bin/bash'
STRIP='strip'
VERSION='0.10'
ac_ct_AR='ar'
ac_ct_CC='gcc'
ac_ct_DUMPBIN=''
am__EXEEXT_FALSE=''
am__EXEEXT_TRUE='#'
am__fastdepCC_FALSE='#'
am__fastdepCC_TRUE=''
am__include='include'
am__isrc=''
am__leading_dot='.'
am__nodep='_no'
am__quote=''
am__tar='$${TAR-tar} chof - "$$tardir"'
am__untar='$${TAR-tar} xf -'
bindir='${exec_prefix}/bin'
build='i686-pc-linux-gnu'
build_alias=''
build_cpu='i686'
build_os='linux-gnu'
build_vendor='pc'
datadir='${datarootdir}'
datarootdir='${prefix}/share'
docdir='${datarootdir}/doc/${PACKAGE_TARNAME}'
dvidir='${docdir}'
exec_prefix='${prefix}'
host='i686-pc-linux-gnu'
host_alias=''
host_cpu='i686'
host_os='linux-gnu'
host_vendor='pc'
htmldir='${docdir}'
includedir='${prefix}/include'
infodir='${datarootdir}/info'
install_sh='${SHELL} /home/van9ogh/Projects/Git/C/UnixProgramming/socket/concurrency_test/epoll/lib/json-c/install-sh'
libdir='${exec_prefix}/lib'
libexecdir='${exec_prefix}/libexec'
localedir='${datarootdir}/locale'
localstatedir='${prefix}/var'
mandir='${datarootdir}/man'
mkdir_p='/bin/mkdir -p'
oldincludedir='/usr/include'
pdfdir='${docdir}'
prefix='/usr/local'
program_transform_name='s,x,x,'
psdir='${docdir}'
sbindir='${exec_prefix}/sbin'
sharedstatedir='${prefix}/com'
sysconfdir='${prefix}/etc'
target_alias=''

## ----------- ##
## confdefs.h. ##
## ----------- ##

/* confdefs.h */
#define PACKAGE_NAME "json-c"
#define PACKAGE_TARNAME "json-c"
#define PACKAGE_VERSION "0.10"
#define PACKAGE_STRING "json-c 0.10"
#define PACKAGE_BUGREPORT "michael@metaparadigm.com"
#define PACKAGE_URL ""
#define PACKAGE "json-c"
#define VERSION "0.10"
#define STDC_HEADERS 1
#define HAVE_SYS_TYPES_H 1
#define HAVE_SYS_STAT_H 1
#define HAVE_STDLIB_H 1
#define HAVE_STRING_H 1
#define HAVE_MEMORY_H 1
#define HAVE_STRINGS_H 1
#define HAVE_INTTYPES_H 1
#define HAVE_STDINT_H 1
#define HAVE_UNISTD_H 1
#define HAVE_FCNTL_H 1
#define HAVE_LIMITS_H 1
#define HAVE_STRINGS_H 1
#define HAVE_SYSLOG_H 1
#define HAVE_UNISTD_H 1
#define HAVE_SYS_PARAM_H 1
#define HAVE_STDARG_H 1
#define HAVE_VPRINTF 1
#define HAVE_STDLIB_H 1
#define HAVE_MALLOC 1
#define HAVE_STDLIB_H 1
#define HAVE_REALLOC 1
#define HAVE_STRNDUP 1
#define HAVE_STRERROR 1
#define HAVE_VSNPRINTF 1
#define HAVE_VASPRINTF 1
#define HAVE_OPEN 1
#define HAVE_VSYSLOG 1
#define HAVE_STRNCASECMP 1
#define HAVE_DLFCN_H 1
#define LT_OBJDIR ".libs/"

configure: exit 0

## ---------------------- ##
## Running config.status. ##
## ---------------------- ##

This file was extended by json-c config.status 0.10, which was
generated by GNU Autoconf 2.68.  Invocation command line was

  CONFIG_FILES    = 
  CONFIG_HEADERS  = 
  CONFIG_LINKS    = 
  CONFIG_COMMANDS = 
  $ ./config.status 

on WSN

config.status:1108: creating Makefile
config.status:1108: creating json.pc
config.status:1108: creating config.h
config.status:1289: config.h is unchanged
config.status:1337: executing depfiles commands
config.status:1337: executing libtool commands

## ---------------------- ##
## Running config.status. ##
## ---------------------- ##

This file was extended by json-c config.status 0.10, which was
generated by GNU Autoconf 2.68.  Invocation command line was

  CONFIG_FILES    = 
  CONFIG_HEADERS  = 
  CONFIG_LINKS    = 
  CONFIG_COMMANDS = 
  $ ./config.status config.h

on WSN

config.status:1108: creating config.h
config.status:1289: config.h is unchanged
