” ”
” ”
“———————————————–”
“BACKUP DATE:”
“———————————————– ”
” ”
” ”
“———————————————–”
“BACKUP DATE:”
“———————————————– ”
” ”
” ”
“———————————————–”
“BACKUP DATE:”
“———————————————– ”
” ”
” ”
“———————————————–”
“BACKUP DATE:”
“———————————————– ”
” ”
” ”
“———————————————–”
“BACKUP DATE:”
“———————————————– ”
” ”
” ”
“———————————————–”
“BACKUP DATE:”
“———————————————– ”
” ”
” ”
“———————————————–”
“BACKUP DATE:”
“———————————————– ”
” ”
” ”
“———————————————–”
“BACKUP DATE:”
“———————————————– ”
” ”
” ”
“———————————————–”
“BACKUP DATE:”
“———————————————– ”
” ”
” ”
“———————————————–”
“BACKUP DATE:”
“———————————————– ”
” ”
” ”
“———————————————–”
“BACKUP DATE:”
“———————————————– ”
” ”
” ”
“———————————————–”
“BACKUP DATE:”
“———————————————– ”
” ”
” ”
“———————————————–”
“BACKUP DATE:”
“———————————————– ”
 
 
———————————————–
BACKUP DATE: 12-10-09 22:40:17
———————————————– 
 
 
———————————————–
BACKUP DATE: 12-10-09 22:40:24
———————————————– 
